2018/03/02 10:31:35 DEBUG [logic.(*UpdateCourseLogic).Run](logic.go:123) start: 1520208000 begin: 1520208000
2018/03/02 10:31:35 DEBUG [logic.(*UpdateCourseLogic).Run](logic.go:177) books: [1 2]
2018/03/02 10:31:35 DEBUG [logic.(*UpdateCourseLogic).Run](logic.go:223) taskTime: 1520553600 dstCourseTaskTimeOfWeekBegin: 1520208000
2018/03/02 10:31:35  INFO [models.CreateMonthCourseCatalog](course.go:270) create month course catalog[&{63 2 6 1 4 4444 1520812800 1519957895 1519957895}] success.
2018/03/02 10:31:35  INFO [models.CreateMonthCourseCatalog](course.go:270) create month course catalog[&{64 2 6 1 5 5555 1520985600 1519957895 1519957895}] success.
2018/03/02 10:31:35  INFO [models.CreateMonthCourseCatalog](course.go:270) create month course catalog[&{65 2 6 1 6 6666 1521158400 1519957895 1519957895}] success.
2018/03/02 10:31:35  INFO [models.CreateMonthCourseCatalogChapter](course.go:303) create month course catalog chapter[&{80 63 1 1 1 1519957895 1519957895}] success.
2018/03/02 10:31:35  INFO [models.CreateMonthCourseCatalogChapter](course.go:303) create month course catalog chapter[&{81 64 1 2 2 1519957895 1519957895}] success.
2018/03/02 10:31:35  INFO [models.CreateMonthCourseCatalogChapter](course.go:303) create month course catalog chapter[&{82 65 1 3 3 1519957895 1519957895}] success.
2018/03/02 10:31:35 DEBUG [logic.(*UpdateCourseLogic).Run](logic.go:223) taskTime: 0 dstCourseTaskTimeOfWeekBegin: 1520812800
2018/03/02 10:31:35  INFO [models.CreateMonthCourseCatalog](course.go:270) create month course catalog[&{66 2 6 2 1 1111 1521417600 1519957895 1519957895}] success.
2018/03/02 10:31:35  INFO [models.CreateMonthCourseCatalog](course.go:270) create month course catalog[&{67 2 6 2 2 22222222 1521590400 1519957895 1519957895}] success.
2018/03/02 10:31:35  INFO [models.CreateMonthCourseCatalog](course.go:270) create month course catalog[&{68 2 6 2 3 3333333333 1521763200 1519957895 1519957895}] success.
2018/03/02 10:31:35  INFO [models.CreateMonthCourseCatalogChapter](course.go:303) create month course catalog chapter[&{83 66 2 4 1 1519957895 1519957895}] success.
2018/03/02 10:31:35  INFO [models.CreateMonthCourseCatalogChapter](course.go:303) create month course catalog chapter[&{84 67 2 5 2 1519957895 1519957895}] success.
2018/03/02 10:31:35  INFO [models.CreateMonthCourseCatalogChapter](course.go:303) create month course catalog chapter[&{85 68 2 6 3 1519957895 1519957895}] success.
2018/03/02 10:31:35 DEBUG [logic.(*UpdateCourseLogic).Run](logic.go:177) books: [1]
2018/03/02 10:31:35 DEBUG [logic.(*UpdateCourseLogic).Run](logic.go:223) taskTime: 0 dstCourseTaskTimeOfWeekBegin: 1521417600
2018/03/02 10:31:35  INFO [models.CreateMonthCourseCatalog](course.go:270) create month course catalog[&{69 2 8 1 1 777 1522022400 1519957895 1519957895}] success.
2018/03/02 10:31:35  INFO [models.CreateMonthCourseCatalog](course.go:270) create month course catalog[&{70 2 8 1 2 888 1522195200 1519957895 1519957895}] success.
2018/03/02 10:31:35  INFO [models.CreateMonthCourseCatalog](course.go:270) create month course catalog[&{71 2 8 1 3 999 1522368000 1519957895 1519957895}] success.
2018/03/02 10:31:35  INFO [models.CreateMonthCourseCatalogChapter](course.go:303) create month course catalog chapter[&{86 69 1 1 1 1519957895 1519957895}] success.
2018/03/02 10:31:35  INFO [models.CreateMonthCourseCatalogChapter](course.go:303) create month course catalog chapter[&{87 70 1 2 2 1519957895 1519957895}] success.
2018/03/02 10:31:35  INFO [models.CreateMonthCourseCatalogChapter](course.go:303) create month course catalog chapter[&{88 71 1 3 3 1519957895 1519957895}] success.
